<?xml version="1.0" encoding="UTF-8"?>
<!-- Generated by org.testng.reporters.JUnitXMLReporter -->
<testsuite ignored="2" hostname="DESKTOP-3QACDJK" failures="0" tests="4" name="Default test" time="23.395" errors="0" timestamp="2021-11-12T15:00:18 EET">
  <testcase classname="WebGuiTests.Tests" name="SearchForText" time="5.622"/>
  <testcase classname="WebGuiTests.Tests" name="dynamicLoading" time="8.874"/>
  <testcase classname="WebGuiTests.Tests" name="uploadImage" time="2.146"/>
  <testcase classname="CatApiTest.NewTest" name="checkTextIsNotEmpty" time="4.28"/>
  <testcase classname="WebGuiTests.TestBase" name="@BeforeTest Open_Browser" time="0.0">
    <ignored/>
  </testcase> <!-- @BeforeTest Open_Browser -->
  <testcase classname="WebGuiTests.TestBase" name="@AfterTest close_Browser" time="0.0">
    <ignored/>
  </testcase> <!-- @AfterTest close_Browser -->
</testsuite> <!-- Default test -->
