<?xml version="1.0" encoding="UTF-8"?>
<testng-results ignored="2" total="6" passed="4" failed="0" skipped="0">
  <reporter-output>
  </reporter-output>
  <suite started-at="2021-11-12T14:59:54 EET" name="Default suite" finished-at="2021-11-12T15:00:18 EET" duration-ms="23395">
    <groups>
    </groups>
    <test started-at="2021-11-12T14:59:54 EET" name="Default test" finished-at="2021-11-12T15:00:18 EET" duration-ms="23395">
      <class name="WebGuiTests.Tests">
        <test-method is-config="true" signature="Open_Browser()[pri:0, instance:WebGuiTests.Tests@6a370f4]" started-at="2021-11-12T14:59:54 EET" name="Open_Browser" finished-at="2021-11-12T14:59:57 EET" duration-ms="2321" status="PASS">
          <reporter-output>
          </reporter-output>
        </test-method> <!-- Open_Browser -->
        <test-method signature="SearchForText()[pri:0, instance:WebGuiTests.Tests@6a370f4]" started-at="2021-11-12T14:59:57 EET" name="SearchForText" finished-at="2021-11-12T15:00:02 EET" duration-ms="5622" status="PASS">
          <reporter-output>
          </reporter-output>
        </test-method> <!-- SearchForText -->
        <test-method signature="dynamicLoading()[pri:0, instance:WebGuiTests.Tests@6a370f4]" started-at="2021-11-12T15:00:02 EET" name="dynamicLoading" finished-at="2021-11-12T15:00:11 EET" duration-ms="8874" status="PASS">
          <reporter-output>
          </reporter-output>
        </test-method> <!-- dynamicLoading -->
        <test-method signature="uploadImage()[pri:0, instance:WebGuiTests.Tests@6a370f4]" started-at="2021-11-12T15:00:11 EET" name="uploadImage" finished-at="2021-11-12T15:00:13 EET" duration-ms="2146" status="PASS">
          <reporter-output>
          </reporter-output>
        </test-method> <!-- uploadImage -->
        <test-method is-config="true" signature="close_Browser()[pri:0, instance:WebGuiTests.Tests@6a370f4]" started-at="2021-11-12T15:00:18 EET" name="close_Browser" finished-at="2021-11-12T15:00:18 EET" duration-ms="110" status="PASS">
          <reporter-output>
          </reporter-output>
        </test-method> <!-- close_Browser -->
      </class> <!-- WebGuiTests.Tests -->
      <class name="CatApiTest.NewTest">
        <test-method signature="checkTextIsNotEmpty()[pri:0, instance:CatApiTest.NewTest@2abf4075]" started-at="2021-11-12T15:00:13 EET" name="checkTextIsNotEmpty" finished-at="2021-11-12T15:00:18 EET" duration-ms="4280" status="PASS">
          <reporter-output>
          </reporter-output>
        </test-method> <!-- checkTextIsNotEmpty -->
      </class> <!-- CatApiTest.NewTest -->
    </test> <!-- Default test -->
  </suite> <!-- Default suite -->
</testng-results>
